<?xml version="1.0" encoding="UTF-8"?>
<testsuite name="org.cscie88.kafka.AppTest" tests="1" skipped="0" failures="0" errors="0" timestamp="2022-10-26T13:35:20" hostname="bmullan-macbookpro.roam.internal" time="0.0">
  <properties/>
  <testcase name="shouldAnswerWithTrue" classname="org.cscie88.kafka.AppTest" time="0.0"/>
  <system-out><![CDATA[]]></system-out>
  <system-err><![CDATA[]]></system-err>
</testsuite>
